{
  "stats": {
    "suites": 4,
    "tests": 10,
    "passes": 10,
    "pending": 0,
    "failures": 0,
    "start": "2025-08-28T00:48:42.036Z",
    "end": "2025-08-28T00:51:56.789Z",
    "duration": 194753,
    "testsRegistered": 10,
    "passPercent": 100,
    "pendingPercent": 0,
    "other": 0,
    "hasOther": false,
    "skipped": 0,
    "hasSkipped": false
  },
  "results": [
    {
      "uuid": "06f3cf0d-c512-49e5-9aac-e8fa9c23cb5d",
      "title": "",
      "fullFile": "",
      "file": "",
      "beforeHooks": [],
      "afterHooks": [],
      "tests": [],
      "suites": [
        {
          "uuid": "251dc75e-ce9a-4180-aebc-525c9be7a26e",
          "title": "Tests QAfood Restaurants",
          "fullFile": "C:\\Users\\Deivid Fuzari\\Desktop\\project-mobile-qafood\\specs\\restaurants_test.ts",
          "file": "\\specs\\restaurants_test.ts",
          "beforeHooks": [
            {
              "title": "\"before all\" hook: codeceptjs.beforeSuite in \"Tests QAfood Restaurants\"",
              "fullTitle": "Tests QAfood Restaurants \"before all\" hook: codeceptjs.beforeSuite in \"Tests QAfood Restaurants\"",
              "timedOut": false,
              "duration": 1,
              "state": null,
              "speed": null,
              "pass": false,
              "fail": false,
              "pending": false,
              "context": null,
              "code": "suiteSetup(suite)",
              "err": {},
              "uuid": "ad85604f-212f-4982-8d68-11bb5127f427",
              "parentUUID": "251dc75e-ce9a-4180-aebc-525c9be7a26e",
              "isHook": true,
              "skipped": false
            },
            {
              "title": "\"before each\" hook: codeceptjs.before in \"Tests QAfood Restaurants\"",
              "fullTitle": "Tests QAfood Restaurants \"before each\" hook: codeceptjs.before in \"Tests QAfood Restaurants\"",
              "timedOut": false,
              "duration": 2627,
              "state": null,
              "speed": null,
              "pass": false,
              "fail": false,
              "pending": false,
              "context": null,
              "code": "setup(suite)",
              "err": {},
              "uuid": "7d90cc30-1e44-4738-855f-1fde41cc64d3",
              "parentUUID": "251dc75e-ce9a-4180-aebc-525c9be7a26e",
              "isHook": true,
              "skipped": false
            },
            {
              "title": "\"before each\" hook: Before in \"Tests QAfood Restaurants\"",
              "fullTitle": "Tests QAfood Restaurants \"before each\" hook: Before in \"Tests QAfood Restaurants\"",
              "timedOut": false,
              "duration": 9924,
              "state": null,
              "speed": null,
              "pass": false,
              "fail": false,
              "pending": false,
              "context": null,
              "code": "login_page_1.default.doLogin({});\nhome_page_1.default.inputAddress();",
              "err": {},
              "uuid": "14b9aab6-742c-46b1-b15b-ab6092ce23b1",
              "parentUUID": "251dc75e-ce9a-4180-aebc-525c9be7a26e",
              "isHook": true,
              "skipped": false
            }
          ],
          "afterHooks": [
            {
              "title": "\"after all\" hook: codeceptjs.afterSuite in \"Tests QAfood Restaurants\"",
              "fullTitle": "Tests QAfood Restaurants \"after all\" hook: codeceptjs.afterSuite in \"Tests QAfood Restaurants\"",
              "timedOut": false,
              "duration": 0,
              "state": null,
              "speed": null,
              "pass": false,
              "fail": false,
              "pending": false,
              "context": null,
              "code": "suiteTeardown(suite)",
              "err": {},
              "uuid": "cf3a4d4f-b791-4c43-8b09-2fd54c7be554",
              "parentUUID": "251dc75e-ce9a-4180-aebc-525c9be7a26e",
              "isHook": true,
              "skipped": false
            },
            {
              "title": "\"after each\" hook: finalize codeceptjs in \"Tests QAfood Restaurants\"",
              "fullTitle": "Tests QAfood Restaurants \"after each\" hook: finalize codeceptjs in \"Tests QAfood Restaurants\"",
              "timedOut": false,
              "duration": 248,
              "state": null,
              "speed": null,
              "pass": false,
              "fail": false,
              "pending": false,
              "context": null,
              "code": "teardown(suite)",
              "err": {},
              "uuid": "3fbf9c43-cd16-4338-aea8-7ddb5f48e58b",
              "parentUUID": "251dc75e-ce9a-4180-aebc-525c9be7a26e",
              "isHook": true,
              "skipped": false
            }
          ],
          "tests": [
            {
              "title": "test validate name Item and Add to cart @add_item_to_cart @restaurants",
              "fullTitle": "Tests QAfood Restaurants: test validate name Item and Add to cart @add_item_to_cart @restaurants",
              "timedOut": false,
              "duration": 7928,
              "state": "passed",
              "speed": "slow",
              "pass": true,
              "fail": false,
              "pending": false,
              "context": null,
              "code": "home_page_1.default.selectRestaurant(burgerJoint);\nmenu_page_1.default.validateGoMenu(1);\nmenu_page_1.default.validatePriceItem(1, { valueItem: valueBurger, valueDrink: valueDrink });\nmenu_page_1.default.validateSelectItem(1, nameBurger);\nmenu_page_1.default.clickGotoCart();\ncart_page_1.default.validateNameItemCart(nameBurger, 1);\ncart_page_1.default.validatePriceItemCart(valueBurger, 1);\ncart_page_1.default.confirmOrder();\npayment_page_1.default.validatePagePayment();",
              "err": {},
              "uuid": "79a91cbc-3464-45b1-9c62-fbb9d36038db",
              "parentUUID": "251dc75e-ce9a-4180-aebc-525c9be7a26e",
              "isHook": false,
              "skipped": false
            },
            {
              "title": "Validate item bag and remove item @remove_item @restaurants",
              "fullTitle": "Tests QAfood Restaurants: Validate item bag and remove item @remove_item @restaurants",
              "timedOut": false,
              "duration": 12432,
              "state": "passed",
              "speed": "slow",
              "pass": true,
              "fail": false,
              "pending": false,
              "context": null,
              "code": "home_page_1.default.selectRestaurant(steakhouse);\nmenu_page_1.default.validateGoMenu(1);\nmenu_page_1.default.validateBagEmpty();\nmenu_page_1.default.choiceNewItem(6);\nmenu_page_1.default.clickGotoCart();\nmenu_page_1.default.removeItemBag();",
              "err": {},
              "uuid": "c88cd8f3-2196-40f7-aee9-d7e81eae6f2e",
              "parentUUID": "251dc75e-ce9a-4180-aebc-525c9be7a26e",
              "isHook": false,
              "skipped": false
            }
          ],
          "suites": [],
          "passes": [
            "79a91cbc-3464-45b1-9c62-fbb9d36038db",
            "c88cd8f3-2196-40f7-aee9-d7e81eae6f2e"
          ],
          "failures": [],
          "pending": [],
          "skipped": [],
          "duration": 20360,
          "root": false,
          "rootEmpty": false,
          "_timeout": 0
        },
        {
          "uuid": "e8beedb9-b80a-4aec-9d4c-3fcc05806961",
          "title": "Tests QAfood Login",
          "fullFile": "C:\\Users\\Deivid Fuzari\\Desktop\\project-mobile-qafood\\specs\\login_test.ts",
          "file": "\\specs\\login_test.ts",
          "beforeHooks": [
            {
              "title": "\"before all\" hook: codeceptjs.beforeSuite in \"Tests QAfood Login\"",
              "fullTitle": "Tests QAfood Login \"before all\" hook: codeceptjs.beforeSuite in \"Tests QAfood Login\"",
              "timedOut": false,
              "duration": 0,
              "state": null,
              "speed": null,
              "pass": false,
              "fail": false,
              "pending": false,
              "context": null,
              "code": "suiteSetup(suite)",
              "err": {},
              "uuid": "6e8bf9b3-d378-4014-8b31-8bb2d914e981",
              "parentUUID": "e8beedb9-b80a-4aec-9d4c-3fcc05806961",
              "isHook": true,
              "skipped": false
            },
            {
              "title": "\"before each\" hook: codeceptjs.before in \"Tests QAfood Login\"",
              "fullTitle": "Tests QAfood Login \"before each\" hook: codeceptjs.before in \"Tests QAfood Login\"",
              "timedOut": false,
              "duration": 2591,
              "state": null,
              "speed": null,
              "pass": false,
              "fail": false,
              "pending": false,
              "context": null,
              "code": "setup(suite)",
              "err": {},
              "uuid": "2b82454e-6951-4adf-b331-02da4bb534da",
              "parentUUID": "e8beedb9-b80a-4aec-9d4c-3fcc05806961",
              "isHook": true,
              "skipped": false
            }
          ],
          "afterHooks": [
            {
              "title": "\"after all\" hook: codeceptjs.afterSuite in \"Tests QAfood Login\"",
              "fullTitle": "Tests QAfood Login \"after all\" hook: codeceptjs.afterSuite in \"Tests QAfood Login\"",
              "timedOut": false,
              "duration": 0,
              "state": null,
              "speed": null,
              "pass": false,
              "fail": false,
              "pending": false,
              "context": null,
              "code": "suiteTeardown(suite)",
              "err": {},
              "uuid": "99441190-eeb1-440c-987c-852f35452c48",
              "parentUUID": "e8beedb9-b80a-4aec-9d4c-3fcc05806961",
              "isHook": true,
              "skipped": false
            },
            {
              "title": "\"after each\" hook: finalize codeceptjs in \"Tests QAfood Login\"",
              "fullTitle": "Tests QAfood Login \"after each\" hook: finalize codeceptjs in \"Tests QAfood Login\"",
              "timedOut": false,
              "duration": 262,
              "state": null,
              "speed": null,
              "pass": false,
              "fail": false,
              "pending": false,
              "context": null,
              "code": "teardown(suite)",
              "err": {},
              "uuid": "27869551-be19-47e7-a95d-d16541979cd8",
              "parentUUID": "e8beedb9-b80a-4aec-9d4c-3fcc05806961",
              "isHook": true,
              "skipped": false
            }
          ],
          "tests": [
            {
              "title": "test validate login @login_succsess @login",
              "fullTitle": "Tests QAfood Login: test validate login @login_succsess @login",
              "timedOut": false,
              "duration": 10273,
              "state": "passed",
              "speed": "slow",
              "pass": true,
              "fail": false,
              "pending": false,
              "context": null,
              "code": "login_page_1.default.doLogin({});\nhome_page_1.default.validateLogin();",
              "err": {},
              "uuid": "e9fb4a0d-4ef3-49f9-bcfc-6e60c2bf3799",
              "parentUUID": "e8beedb9-b80a-4aec-9d4c-3fcc05806961",
              "isHook": false,
              "skipped": false
            },
            {
              "title": "test login fail @login_fail @login",
              "fullTitle": "Tests QAfood Login: test login fail @login_fail @login",
              "timedOut": false,
              "duration": 8933,
              "state": "passed",
              "speed": "slow",
              "pass": true,
              "fail": false,
              "pending": false,
              "context": null,
              "code": "login_page_1.default.doLogin({ password: '12345' });\nlogin_page_1.default.validateLoginError();",
              "err": {},
              "uuid": "15c74834-191f-4f25-bd77-635b9727a67c",
              "parentUUID": "e8beedb9-b80a-4aec-9d4c-3fcc05806961",
              "isHook": false,
              "skipped": false
            }
          ],
          "suites": [],
          "passes": [
            "e9fb4a0d-4ef3-49f9-bcfc-6e60c2bf3799",
            "15c74834-191f-4f25-bd77-635b9727a67c"
          ],
          "failures": [],
          "pending": [],
          "skipped": [],
          "duration": 19206,
          "root": false,
          "rootEmpty": false,
          "_timeout": 0
        },
        {
          "uuid": "0096da8c-ea8a-420d-b6a1-965f0d145eea",
          "title": "Tests QAfood Location",
          "fullFile": "C:\\Users\\Deivid Fuzari\\Desktop\\project-mobile-qafood\\specs\\location_test.ts",
          "file": "\\specs\\location_test.ts",
          "beforeHooks": [
            {
              "title": "\"before all\" hook: codeceptjs.beforeSuite in \"Tests QAfood Location\"",
              "fullTitle": "Tests QAfood Location \"before all\" hook: codeceptjs.beforeSuite in \"Tests QAfood Location\"",
              "timedOut": false,
              "duration": 0,
              "state": null,
              "speed": null,
              "pass": false,
              "fail": false,
              "pending": false,
              "context": null,
              "code": "suiteSetup(suite)",
              "err": {},
              "uuid": "71234fe7-9351-43bb-b33b-f99788ae7df6",
              "parentUUID": "0096da8c-ea8a-420d-b6a1-965f0d145eea",
              "isHook": true,
              "skipped": false
            },
            {
              "title": "\"before each\" hook: codeceptjs.before in \"Tests QAfood Location\"",
              "fullTitle": "Tests QAfood Location \"before each\" hook: codeceptjs.before in \"Tests QAfood Location\"",
              "timedOut": false,
              "duration": 3752,
              "state": null,
              "speed": null,
              "pass": false,
              "fail": false,
              "pending": false,
              "context": null,
              "code": "setup(suite)",
              "err": {},
              "uuid": "034b14e6-e038-48bf-9f02-9dfa8cd753e8",
              "parentUUID": "0096da8c-ea8a-420d-b6a1-965f0d145eea",
              "isHook": true,
              "skipped": false
            },
            {
              "title": "\"before each\" hook: Before in \"Tests QAfood Location\"",
              "fullTitle": "Tests QAfood Location \"before each\" hook: Before in \"Tests QAfood Location\"",
              "timedOut": false,
              "duration": 7780,
              "state": null,
              "speed": null,
              "pass": false,
              "fail": false,
              "pending": false,
              "context": null,
              "code": "login_page_1.default.doLogin({});",
              "err": {},
              "uuid": "d1b3fab3-815f-41ff-85be-8aaa224c9be3",
              "parentUUID": "0096da8c-ea8a-420d-b6a1-965f0d145eea",
              "isHook": true,
              "skipped": false
            }
          ],
          "afterHooks": [
            {
              "title": "\"after all\" hook: codeceptjs.afterSuite in \"Tests QAfood Location\"",
              "fullTitle": "Tests QAfood Location \"after all\" hook: codeceptjs.afterSuite in \"Tests QAfood Location\"",
              "timedOut": false,
              "duration": 1,
              "state": null,
              "speed": null,
              "pass": false,
              "fail": false,
              "pending": false,
              "context": null,
              "code": "suiteTeardown(suite)",
              "err": {},
              "uuid": "e5ce05c1-74cd-4a87-a2c0-9da3d0231b72",
              "parentUUID": "0096da8c-ea8a-420d-b6a1-965f0d145eea",
              "isHook": true,
              "skipped": false
            },
            {
              "title": "\"after each\" hook: finalize codeceptjs in \"Tests QAfood Location\"",
              "fullTitle": "Tests QAfood Location \"after each\" hook: finalize codeceptjs in \"Tests QAfood Location\"",
              "timedOut": false,
              "duration": 268,
              "state": null,
              "speed": null,
              "pass": false,
              "fail": false,
              "pending": false,
              "context": null,
              "code": "teardown(suite)",
              "err": {},
              "uuid": "6c911eac-af5c-4661-92f4-13c4e94d2730",
              "parentUUID": "0096da8c-ea8a-420d-b6a1-965f0d145eea",
              "isHook": true,
              "skipped": false
            }
          ],
          "tests": [
            {
              "title": "test input confirm address @confirm_address @location",
              "fullTitle": "Tests QAfood Location: test input confirm address @confirm_address @location",
              "timedOut": false,
              "duration": 3415,
              "state": "passed",
              "speed": "slow",
              "pass": true,
              "fail": false,
              "pending": false,
              "context": null,
              "code": "home_page_1.default.inputAddress();\nhome_page_1.default.confirmDoneAddress();",
              "err": {},
              "uuid": "9bf66c20-db5f-4869-9f76-9c8cfc1d5b5e",
              "parentUUID": "0096da8c-ea8a-420d-b6a1-965f0d145eea",
              "isHook": false,
              "skipped": false
            },
            {
              "title": "test fail input address @fail_address @location",
              "fullTitle": "Tests QAfood Location: test fail input address @fail_address @location",
              "timedOut": false,
              "duration": 3510,
              "state": "passed",
              "speed": "slow",
              "pass": true,
              "fail": false,
              "pending": false,
              "context": null,
              "code": "home_page_1.default.selectRestaurant(restaurant);\nhome_page_1.default.alertMessageAddress();\nhome_page_1.default.closeAlert();",
              "err": {},
              "uuid": "40c23fae-2f48-4f29-9fea-8aa27c99fbbf",
              "parentUUID": "0096da8c-ea8a-420d-b6a1-965f0d145eea",
              "isHook": false,
              "skipped": false
            },
            {
              "title": "test input Address and select Restaurant @address_restaurant @location",
              "fullTitle": "Tests QAfood Location: test input Address and select Restaurant @address_restaurant @location",
              "timedOut": false,
              "duration": 6889,
              "state": "passed",
              "speed": "slow",
              "pass": true,
              "fail": false,
              "pending": false,
              "context": null,
              "code": "home_page_1.default.inputAddress();\nhome_page_1.default.selectRestaurant(restaurant);\nmenu_page_1.default.validateGoMenu(1);",
              "err": {},
              "uuid": "9f17fc41-72d9-4fbb-88db-888e1f07215e",
              "parentUUID": "0096da8c-ea8a-420d-b6a1-965f0d145eea",
              "isHook": false,
              "skipped": false
            }
          ],
          "suites": [],
          "passes": [
            "9bf66c20-db5f-4869-9f76-9c8cfc1d5b5e",
            "40c23fae-2f48-4f29-9fea-8aa27c99fbbf",
            "9f17fc41-72d9-4fbb-88db-888e1f07215e"
          ],
          "failures": [],
          "pending": [],
          "skipped": [],
          "duration": 13814,
          "root": false,
          "rootEmpty": false,
          "_timeout": 0
        },
        {
          "uuid": "55454dcb-ce23-4b27-97d9-f39519ec5fae",
          "title": "Tests QAfood Checkout",
          "fullFile": "C:\\Users\\Deivid Fuzari\\Desktop\\project-mobile-qafood\\specs\\checkout_test.ts",
          "file": "\\specs\\checkout_test.ts",
          "beforeHooks": [
            {
              "title": "\"before all\" hook: codeceptjs.beforeSuite in \"Tests QAfood Checkout\"",
              "fullTitle": "Tests QAfood Checkout \"before all\" hook: codeceptjs.beforeSuite in \"Tests QAfood Checkout\"",
              "timedOut": false,
              "duration": 0,
              "state": null,
              "speed": null,
              "pass": false,
              "fail": false,
              "pending": false,
              "context": null,
              "code": "suiteSetup(suite)",
              "err": {},
              "uuid": "2155eefc-b142-4624-8b6e-1a31a485d99e",
              "parentUUID": "55454dcb-ce23-4b27-97d9-f39519ec5fae",
              "isHook": true,
              "skipped": false
            },
            {
              "title": "\"before each\" hook: codeceptjs.before in \"Tests QAfood Checkout\"",
              "fullTitle": "Tests QAfood Checkout \"before each\" hook: codeceptjs.before in \"Tests QAfood Checkout\"",
              "timedOut": false,
              "duration": 2698,
              "state": null,
              "speed": null,
              "pass": false,
              "fail": false,
              "pending": false,
              "context": null,
              "code": "setup(suite)",
              "err": {},
              "uuid": "4c2fce2b-b2d2-4414-98c3-255c67945933",
              "parentUUID": "55454dcb-ce23-4b27-97d9-f39519ec5fae",
              "isHook": true,
              "skipped": false
            },
            {
              "title": "\"before each\" hook: Before in \"Tests QAfood Checkout\"",
              "fullTitle": "Tests QAfood Checkout \"before each\" hook: Before in \"Tests QAfood Checkout\"",
              "timedOut": false,
              "duration": 17471,
              "state": null,
              "speed": null,
              "pass": false,
              "fail": false,
              "pending": false,
              "context": null,
              "code": "login_page_1.default.doLogin({});\nhome_page_1.default.inputAddress();\nhome_page_1.default.selectRestaurant(burgerJoint);\nmenu_page_1.default.validateGoMenu(1);\nmenu_page_1.default.validatePriceItem(1, { valueItem: valueBurger, valueDrink: valueDrink });\nmenu_page_1.default.validateSelectItem(1, nameBurger);\nmenu_page_1.default.clickGotoCart();\ncart_page_1.default.validateNameItemCart(nameBurger, 1);\ncart_page_1.default.validatePriceItemCart(valueBurger, 1);\ncart_page_1.default.confirmOrder();\npayment_page_1.default.validatePagePayment();",
              "err": {},
              "uuid": "954397f2-15c4-490b-bfb8-76822a4e5bc0",
              "parentUUID": "55454dcb-ce23-4b27-97d9-f39519ec5fae",
              "isHook": true,
              "skipped": false
            }
          ],
          "afterHooks": [
            {
              "title": "\"after all\" hook: codeceptjs.afterSuite in \"Tests QAfood Checkout\"",
              "fullTitle": "Tests QAfood Checkout \"after all\" hook: codeceptjs.afterSuite in \"Tests QAfood Checkout\"",
              "timedOut": false,
              "duration": 1,
              "state": null,
              "speed": null,
              "pass": false,
              "fail": false,
              "pending": false,
              "context": null,
              "code": "suiteTeardown(suite)",
              "err": {},
              "uuid": "99511e1f-d0c8-4575-a330-ac2fa6f32663",
              "parentUUID": "55454dcb-ce23-4b27-97d9-f39519ec5fae",
              "isHook": true,
              "skipped": false
            },
            {
              "title": "\"after each\" hook: finalize codeceptjs in \"Tests QAfood Checkout\"",
              "fullTitle": "Tests QAfood Checkout \"after each\" hook: finalize codeceptjs in \"Tests QAfood Checkout\"",
              "timedOut": false,
              "duration": 264,
              "state": null,
              "speed": null,
              "pass": false,
              "fail": false,
              "pending": false,
              "context": null,
              "code": "teardown(suite)",
              "err": {},
              "uuid": "d3c7ac59-d813-4b07-9bae-23e537de9cd8",
              "parentUUID": "55454dcb-ce23-4b27-97d9-f39519ec5fae",
              "isHook": true,
              "skipped": false
            }
          ],
          "tests": [
            {
              "title": "finish purchase item on QAfood @finish_order @checkout",
              "fullTitle": "Tests QAfood Checkout: finish purchase item on QAfood @finish_order @checkout",
              "timedOut": false,
              "duration": 8626,
              "state": "passed",
              "speed": "slow",
              "pass": true,
              "fail": false,
              "pending": false,
              "context": null,
              "code": "payment_page_1.default.choiceMoneyPay();\nawait payment_page_1.default.validateSuccsessOrder();\nI.wait(5);",
              "err": {},
              "uuid": "43adb65c-3dcf-41af-9b00-277a6bb4b467",
              "parentUUID": "55454dcb-ce23-4b27-97d9-f39519ec5fae",
              "isHook": false,
              "skipped": false
            },
            {
              "title": "validate fail cupom and @try_use_cupom @checkout",
              "fullTitle": "Tests QAfood Checkout: validate fail cupom and @try_use_cupom @checkout",
              "timedOut": false,
              "duration": 2871,
              "state": "passed",
              "speed": "slow",
              "pass": true,
              "fail": false,
              "pending": false,
              "context": null,
              "code": "payment_page_1.default.tryUseCupom({});\npayment_page_1.default.validateErrorCupom();",
              "err": {},
              "uuid": "1a087e62-2c4f-405e-9589-cda3137980eb",
              "parentUUID": "55454dcb-ce23-4b27-97d9-f39519ec5fae",
              "isHook": false,
              "skipped": false
            },
            {
              "title": "validate try to buy without choosing a payment method @try_buy @checkout",
              "fullTitle": "Tests QAfood Checkout: validate try to buy without choosing a payment method @try_buy @checkout",
              "timedOut": false,
              "duration": 2433,
              "state": "passed",
              "speed": "slow",
              "pass": true,
              "fail": false,
              "pending": false,
              "context": null,
              "code": "payment_page_1.default.tryBuyDirect();\npayment_page_1.default.validatePagePayment();",
              "err": {},
              "uuid": "68d0d399-c5bb-4407-945a-8e3bd2f336f3",
              "parentUUID": "55454dcb-ce23-4b27-97d9-f39519ec5fae",
              "isHook": false,
              "skipped": false
            }
          ],
          "suites": [],
          "passes": [
            "43adb65c-3dcf-41af-9b00-277a6bb4b467",
            "1a087e62-2c4f-405e-9589-cda3137980eb",
            "68d0d399-c5bb-4407-945a-8e3bd2f336f3"
          ],
          "failures": [],
          "pending": [],
          "skipped": [],
          "duration": 13930,
          "root": false,
          "rootEmpty": false,
          "_timeout": 0
        }
      ],
      "passes": [],
      "failures": [],
      "pending": [],
      "skipped": [],
      "duration": 0,
      "root": true,
      "rootEmpty": true,
      "_timeout": 0
    }
  ],
  "meta": {
    "mocha": {
      "version": "11.7.1"
    },
    "mochawesome": {
      "options": {
        "quiet": false,
        "reportFilename": "mochawesome",
        "saveHtml": true,
        "saveJson": true,
        "consoleReporter": "spec",
        "useInlineDiffs": false,
        "code": true
      },
      "version": "7.1.3"
    },
    "marge": {
      "options": {},
      "version": "6.2.0"
    }
  }
}